<?xml version="1.0" encoding="UTF-8"?>
<testsuite xmlns:xsi="http://www.w3.org/2001/XMLSchema-instance" xsi:schemaLocation="https://maven.apache.org/surefire/maven-surefire-plugin/xsd/surefire-test-report.xsd" name="TestSuite" time="55.547" tests="2" errors="0" skipped="0" failures="0">
  <properties>
[...]
</properties>
  <testcase name="landingpagenavigation" classname="com.mindtree.runner.AtlanticBook" time="5.183"/>
  <testcase name="searchpagenav" classname="com.mindtree.runner.AtlanticBook" time="11.976"/>
</testsuite>